
*** Running vivado
    with args -log main.vds -m64 -product Vivado -mode batch -messageDb vivado.pb -notrace -source main.tcl



****** Vivado v2020.1 (64-bit)
  **** SW Build 2902540 on Wed May 27 19:54:49 MDT 2020
  **** IP Build 2902112 on Wed May 27 22:43:36 MDT 2020
    ** Copyright 1986-2020 Xilinx, Inc. All Rights Reserved.

source main.tcl -notrace
Command: synth_design -top main -part xc7z010clg400-1
Starting synth_design
Attempting to get a license for feature 'Synthesis' and/or device 'xc7z010'
INFO: [Common 17-349] Got license for feature 'Synthesis' and/or device 'xc7z010'
INFO: [Device 21-403] Loading part xc7z010clg400-1
INFO: [Synth 8-7079] Multithreading enabled for synth_design using a maximum of 2 processes.
INFO: [Synth 8-7078] Launching helper process for spawning children vivado processes
INFO: [Synth 8-7075] Helper process launched with PID 6256
---------------------------------------------------------------------------------
Starting RTL Elaboration : Time (s): cpu = 00:00:03 ; elapsed = 00:00:03 . Memory (MB): peak = 1064.254 ; gain = 0.000
---------------------------------------------------------------------------------
INFO: [Synth 8-638] synthesizing module 'main' [C:/Users/byane/OneDrive/Escritorio/Proyecto_1_modificado/Proyecto_1_SEP/Proyecto_1_SEP/Game_logic/Game_logic.srcs/sources_1/new/main.vhd:17]
INFO: [Synth 8-3491] module 'debouncer' declared at 'C:/Users/byane/OneDrive/Escritorio/Proyecto_1_modificado/Proyecto_1_SEP/Proyecto_1_SEP/Game_logic/Game_logic.srcs/sources_1/new/debouncer.vhd:6' bound to instance 'debounce0' of component 'debouncer' [C:/Users/byane/OneDrive/Escritorio/Proyecto_1_modificado/Proyecto_1_SEP/Proyecto_1_SEP/Game_logic/Game_logic.srcs/sources_1/new/main.vhd:82]
INFO: [Synth 8-638] synthesizing module 'debouncer' [C:/Users/byane/OneDrive/Escritorio/Proyecto_1_modificado/Proyecto_1_SEP/Proyecto_1_SEP/Game_logic/Game_logic.srcs/sources_1/new/debouncer.vhd:14]
INFO: [Synth 8-256] done synthesizing module 'debouncer' (1#1) [C:/Users/byane/OneDrive/Escritorio/Proyecto_1_modificado/Proyecto_1_SEP/Proyecto_1_SEP/Game_logic/Game_logic.srcs/sources_1/new/debouncer.vhd:14]
INFO: [Synth 8-3491] module 'debouncer' declared at 'C:/Users/byane/OneDrive/Escritorio/Proyecto_1_modificado/Proyecto_1_SEP/Proyecto_1_SEP/Game_logic/Game_logic.srcs/sources_1/new/debouncer.vhd:6' bound to instance 'debounce1' of component 'debouncer' [C:/Users/byane/OneDrive/Escritorio/Proyecto_1_modificado/Proyecto_1_SEP/Proyecto_1_SEP/Game_logic/Game_logic.srcs/sources_1/new/main.vhd:86]
INFO: [Synth 8-3491] module 'debouncer' declared at 'C:/Users/byane/OneDrive/Escritorio/Proyecto_1_modificado/Proyecto_1_SEP/Proyecto_1_SEP/Game_logic/Game_logic.srcs/sources_1/new/debouncer.vhd:6' bound to instance 'debounce2' of component 'debouncer' [C:/Users/byane/OneDrive/Escritorio/Proyecto_1_modificado/Proyecto_1_SEP/Proyecto_1_SEP/Game_logic/Game_logic.srcs/sources_1/new/main.vhd:90]
INFO: [Synth 8-3491] module 'debouncer' declared at 'C:/Users/byane/OneDrive/Escritorio/Proyecto_1_modificado/Proyecto_1_SEP/Proyecto_1_SEP/Game_logic/Game_logic.srcs/sources_1/new/debouncer.vhd:6' bound to instance 'debounce3' of component 'debouncer' [C:/Users/byane/OneDrive/Escritorio/Proyecto_1_modificado/Proyecto_1_SEP/Proyecto_1_SEP/Game_logic/Game_logic.srcs/sources_1/new/main.vhd:94]
INFO: [Synth 8-3491] module 'clk_div' declared at 'C:/Users/byane/OneDrive/Escritorio/Proyecto_1_modificado/Proyecto_1_SEP/Proyecto_1_SEP/Game_logic/Game_logic.srcs/sources_1/new/clk_div.vhd:6' bound to instance 'clk_divider' of component 'clk_div' [C:/Users/byane/OneDrive/Escritorio/Proyecto_1_modificado/Proyecto_1_SEP/Proyecto_1_SEP/Game_logic/Game_logic.srcs/sources_1/new/main.vhd:98]
INFO: [Synth 8-638] synthesizing module 'clk_div' [C:/Users/byane/OneDrive/Escritorio/Proyecto_1_modificado/Proyecto_1_SEP/Proyecto_1_SEP/Game_logic/Game_logic.srcs/sources_1/new/clk_div.vhd:15]
INFO: [Synth 8-256] done synthesizing module 'clk_div' (2#1) [C:/Users/byane/OneDrive/Escritorio/Proyecto_1_modificado/Proyecto_1_SEP/Proyecto_1_SEP/Game_logic/Game_logic.srcs/sources_1/new/clk_div.vhd:15]
INFO: [Synth 8-3491] module 'catch_fish' declared at 'C:/Users/byane/OneDrive/Escritorio/Proyecto_1_modificado/Proyecto_1_SEP/Proyecto_1_SEP/Game_logic/Game_logic.srcs/sources_1/new/catch_fish.vhd:6' bound to instance 'U_catch_fish' of component 'catch_fish' [C:/Users/byane/OneDrive/Escritorio/Proyecto_1_modificado/Proyecto_1_SEP/Proyecto_1_SEP/Game_logic/Game_logic.srcs/sources_1/new/main.vhd:102]
INFO: [Synth 8-638] synthesizing module 'catch_fish' [C:/Users/byane/OneDrive/Escritorio/Proyecto_1_modificado/Proyecto_1_SEP/Proyecto_1_SEP/Game_logic/Game_logic.srcs/sources_1/new/catch_fish.vhd:20]
WARNING: [Synth 8-614] signal 'enable' is read in the process but is not in the sensitivity list [C:/Users/byane/OneDrive/Escritorio/Proyecto_1_modificado/Proyecto_1_SEP/Proyecto_1_SEP/Game_logic/Game_logic.srcs/sources_1/new/catch_fish.vhd:23]
INFO: [Synth 8-256] done synthesizing module 'catch_fish' (3#1) [C:/Users/byane/OneDrive/Escritorio/Proyecto_1_modificado/Proyecto_1_SEP/Proyecto_1_SEP/Game_logic/Game_logic.srcs/sources_1/new/catch_fish.vhd:20]
INFO: [Synth 8-256] done synthesizing module 'main' (4#1) [C:/Users/byane/OneDrive/Escritorio/Proyecto_1_modificado/Proyecto_1_SEP/Proyecto_1_SEP/Game_logic/Game_logic.srcs/sources_1/new/main.vhd:17]
---------------------------------------------------------------------------------
Finished RTL Elaboration : Time (s): cpu = 00:00:04 ; elapsed = 00:00:04 . Memory (MB): peak = 1064.254 ; gain = 0.000
---------------------------------------------------------------------------------
---------------------------------------------------------------------------------
Start Handling Custom Attributes
---------------------------------------------------------------------------------
---------------------------------------------------------------------------------
Finished Handling Custom Attributes : Time (s): cpu = 00:00:04 ; elapsed = 00:00:05 . Memory (MB): peak = 1064.254 ; gain = 0.000
---------------------------------------------------------------------------------
---------------------------------------------------------------------------------
Finished RTL Optimization Phase 1 : Time (s): cpu = 00:00:04 ; elapsed = 00:00:05 . Memory (MB): peak = 1064.254 ; gain = 0.000
---------------------------------------------------------------------------------
Netlist sorting complete. Time (s): cpu = 00:00:00 ; elapsed = 00:00:00.004 . Memory (MB): peak = 1064.254 ; gain = 0.000
INFO: [Project 1-570] Preparing netlist for logic optimization

Processing XDC Constraints
Initializing timing engine
Parsing XDC File [C:/Users/byane/OneDrive/Escritorio/Proyecto_1_modificado/Proyecto_1_SEP/Proyecto_1_SEP/Zybo-Z7-Master.xdc]
Finished Parsing XDC File [C:/Users/byane/OneDrive/Escritorio/Proyecto_1_modificado/Proyecto_1_SEP/Proyecto_1_SEP/Zybo-Z7-Master.xdc]
INFO: [Project 1-236] Implementation specific constraints were found while reading constraint file [C:/Users/byane/OneDrive/Escritorio/Proyecto_1_modificado/Proyecto_1_SEP/Proyecto_1_SEP/Zybo-Z7-Master.xdc]. These constraints will be ignored for synthesis but will be used in implementation. Impacted constraints are listed in the file [.Xil/main_propImpl.xdc].
Resolution: To avoid this warning, move constraints listed in [.Xil/main_propImpl.xdc] to another XDC file and exclude this new file from synthesis with the used_in_synthesis property (File Properties dialog in GUI) and re-run elaboration/synthesis.
Completed Processing XDC Constraints

Netlist sorting complete. Time (s): cpu = 00:00:00 ; elapsed = 00:00:00 . Memory (MB): peak = 1130.051 ; gain = 0.000
INFO: [Project 1-111] Unisim Transformation Summary:
No Unisim elements were transformed.

Constraint Validation Runtime : Time (s): cpu = 00:00:00 ; elapsed = 00:00:00.003 . Memory (MB): peak = 1130.051 ; gain = 0.000
---------------------------------------------------------------------------------
Finished Constraint Validation : Time (s): cpu = 00:00:09 ; elapsed = 00:00:10 . Memory (MB): peak = 1130.051 ; gain = 65.797
---------------------------------------------------------------------------------
---------------------------------------------------------------------------------
Start Loading Part and Timing Information
---------------------------------------------------------------------------------
Loading part: xc7z010clg400-1
---------------------------------------------------------------------------------
Finished Loading Part and Timing Information : Time (s): cpu = 00:00:09 ; elapsed = 00:00:10 . Memory (MB): peak = 1130.051 ; gain = 65.797
---------------------------------------------------------------------------------
---------------------------------------------------------------------------------
Start Applying 'set_property' XDC Constraints
---------------------------------------------------------------------------------
---------------------------------------------------------------------------------
Finished applying 'set_property' XDC Constraints : Time (s): cpu = 00:00:09 ; elapsed = 00:00:10 . Memory (MB): peak = 1130.051 ; gain = 65.797
---------------------------------------------------------------------------------
INFO: [Synth 8-802] inferred FSM for state register 'estado_reg' in module 'catch_fish'
---------------------------------------------------------------------------------------------------
                   State |                     New Encoding |                Previous Encoding 
---------------------------------------------------------------------------------------------------
                 iSTATE0 |                           000001 | 00000000000000000000000000000000
                 iSTATE1 |                           000010 | 00000000000000000000000000000001
                 iSTATE2 |                           000100 | 00000000000000000000000000000010
                 iSTATE3 |                           001000 | 00000000000000000000000000000011
                 iSTATE4 |                           010000 | 00000000000000000000000000000100
                  iSTATE |                           100000 | 00000000000000000000000000000101
*
---------------------------------------------------------------------------------------------------
INFO: [Synth 8-3354] encoded FSM with state register 'estado_reg' using encoding 'one-hot' in module 'catch_fish'
---------------------------------------------------------------------------------
Finished RTL Optimization Phase 2 : Time (s): cpu = 00:00:09 ; elapsed = 00:00:10 . Memory (MB): peak = 1130.051 ; gain = 65.797
---------------------------------------------------------------------------------
---------------------------------------------------------------------------------
Start RTL Component Statistics 
---------------------------------------------------------------------------------
Detailed RTL Component Info : 
+---Adders : 
	   2 Input   31 Bit       Adders := 1     
	   2 Input   29 Bit       Adders := 1     
+---Registers : 
	               10 Bit    Registers := 4     
	                4 Bit    Registers := 1     
	                1 Bit    Registers := 4     
+---Muxes : 
	   2 Input   31 Bit        Muxes := 1     
	   2 Input   29 Bit        Muxes := 1     
	   6 Input    6 Bit        Muxes := 1     
	   6 Input    4 Bit        Muxes := 1     
	   7 Input    1 Bit        Muxes := 1     
---------------------------------------------------------------------------------
Finished RTL Component Statistics 
---------------------------------------------------------------------------------
---------------------------------------------------------------------------------
Start Part Resource Summary
---------------------------------------------------------------------------------
Part Resources:
DSPs: 80 (col length:40)
BRAMs: 120 (col length: RAMB18 40 RAMB36 20)
---------------------------------------------------------------------------------
Finished Part Resource Summary
---------------------------------------------------------------------------------
---------------------------------------------------------------------------------
Start Cross Boundary and Area Optimization
---------------------------------------------------------------------------------
---------------------------------------------------------------------------------
Finished Cross Boundary and Area Optimization : Time (s): cpu = 00:00:10 ; elapsed = 00:00:12 . Memory (MB): peak = 1130.051 ; gain = 65.797
---------------------------------------------------------------------------------
---------------------------------------------------------------------------------
Start Applying XDC Timing Constraints
---------------------------------------------------------------------------------
---------------------------------------------------------------------------------
Finished Applying XDC Timing Constraints : Time (s): cpu = 00:00:16 ; elapsed = 00:00:18 . Memory (MB): peak = 1130.051 ; gain = 65.797
---------------------------------------------------------------------------------
---------------------------------------------------------------------------------
Start Timing Optimization
---------------------------------------------------------------------------------
---------------------------------------------------------------------------------
Finished Timing Optimization : Time (s): cpu = 00:00:16 ; elapsed = 00:00:18 . Memory (MB): peak = 1130.051 ; gain = 65.797
---------------------------------------------------------------------------------
---------------------------------------------------------------------------------
Start Technology Mapping
---------------------------------------------------------------------------------
---------------------------------------------------------------------------------
Finished Technology Mapping : Time (s): cpu = 00:00:16 ; elapsed = 00:00:18 . Memory (MB): peak = 1149.340 ; gain = 85.086
---------------------------------------------------------------------------------
---------------------------------------------------------------------------------
Start IO Insertion
---------------------------------------------------------------------------------
---------------------------------------------------------------------------------
Start Flattening Before IO Insertion
---------------------------------------------------------------------------------
---------------------------------------------------------------------------------
Finished Flattening Before IO Insertion
---------------------------------------------------------------------------------
---------------------------------------------------------------------------------
Start Final Netlist Cleanup
---------------------------------------------------------------------------------
---------------------------------------------------------------------------------
Finished Final Netlist Cleanup
---------------------------------------------------------------------------------
---------------------------------------------------------------------------------
Finished IO Insertion : Time (s): cpu = 00:00:18 ; elapsed = 00:00:20 . Memory (MB): peak = 1149.340 ; gain = 85.086
---------------------------------------------------------------------------------
---------------------------------------------------------------------------------
Start Renaming Generated Instances
---------------------------------------------------------------------------------
---------------------------------------------------------------------------------
Finished Renaming Generated Instances : Time (s): cpu = 00:00:18 ; elapsed = 00:00:20 . Memory (MB): peak = 1149.340 ; gain = 85.086
---------------------------------------------------------------------------------
---------------------------------------------------------------------------------
Start Rebuilding User Hierarchy
---------------------------------------------------------------------------------
---------------------------------------------------------------------------------
Finished Rebuilding User Hierarchy : Time (s): cpu = 00:00:18 ; elapsed = 00:00:20 . Memory (MB): peak = 1149.340 ; gain = 85.086
---------------------------------------------------------------------------------
---------------------------------------------------------------------------------
Start Renaming Generated Ports
---------------------------------------------------------------------------------
---------------------------------------------------------------------------------
Finished Renaming Generated Ports : Time (s): cpu = 00:00:18 ; elapsed = 00:00:20 . Memory (MB): peak = 1149.340 ; gain = 85.086
---------------------------------------------------------------------------------
---------------------------------------------------------------------------------
Start Handling Custom Attributes
---------------------------------------------------------------------------------
---------------------------------------------------------------------------------
Finished Handling Custom Attributes : Time (s): cpu = 00:00:18 ; elapsed = 00:00:20 . Memory (MB): peak = 1149.340 ; gain = 85.086
---------------------------------------------------------------------------------
---------------------------------------------------------------------------------
Start Renaming Generated Nets
---------------------------------------------------------------------------------
---------------------------------------------------------------------------------
Finished Renaming Generated Nets : Time (s): cpu = 00:00:18 ; elapsed = 00:00:20 . Memory (MB): peak = 1149.340 ; gain = 85.086
---------------------------------------------------------------------------------
---------------------------------------------------------------------------------
Start Writing Synthesis Report
---------------------------------------------------------------------------------

Report BlackBoxes: 
+-+--------------+----------+
| |BlackBox name |Instances |
+-+--------------+----------+
+-+--------------+----------+

Report Cell Usage: 
+------+-------+------+
|      |Cell   |Count |
+------+-------+------+
|1     |BUFG   |     1|
|2     |CARRY4 |    11|
|3     |LUT1   |     4|
|4     |LUT2   |     7|
|5     |LUT3   |    11|
|6     |LUT5   |     2|
|7     |LUT6   |     4|
|8     |FDRE   |    71|
|9     |IBUF   |     7|
|10    |OBUF   |     4|
+------+-------+------+
---------------------------------------------------------------------------------
Finished Writing Synthesis Report : Time (s): cpu = 00:00:18 ; elapsed = 00:00:20 . Memory (MB): peak = 1149.340 ; gain = 85.086
---------------------------------------------------------------------------------
Synthesis finished with 0 errors, 0 critical warnings and 0 warnings.
Synthesis Optimization Runtime : Time (s): cpu = 00:00:13 ; elapsed = 00:00:19 . Memory (MB): peak = 1149.340 ; gain = 19.289
Synthesis Optimization Complete : Time (s): cpu = 00:00:18 ; elapsed = 00:00:20 . Memory (MB): peak = 1149.340 ; gain = 85.086
INFO: [Project 1-571] Translating synthesized netlist
Netlist sorting complete. Time (s): cpu = 00:00:00 ; elapsed = 00:00:00 . Memory (MB): peak = 1149.340 ; gain = 0.000
INFO: [Netlist 29-17] Analyzing 11 Unisim elements for replacement
INFO: [Netlist 29-28] Unisim Transformation completed in 0 CPU seconds
INFO: [Project 1-570] Preparing netlist for logic optimization
INFO: [Opt 31-138] Pushed 0 inverter(s) to 0 load pin(s).
Netlist sorting complete. Time (s): cpu = 00:00:00 ; elapsed = 00:00:00 . Memory (MB): peak = 1154.883 ; gain = 0.000
INFO: [Project 1-111] Unisim Transformation Summary:
No Unisim elements were transformed.

INFO: [Common 17-83] Releasing license: Synthesis
31 Infos, 1 Warnings, 0 Critical Warnings and 0 Errors encountered.
synth_design completed successfully
synth_design: Time (s): cpu = 00:00:22 ; elapsed = 00:00:26 . Memory (MB): peak = 1154.883 ; gain = 90.629
INFO: [Common 17-1381] The checkpoint 'C:/Users/byane/OneDrive/Escritorio/Proyecto_1_modificado/Proyecto_1_SEP/Proyecto_1_SEP/Game_logic/Game_logic.runs/synth_1/main.dcp' has been generated.
INFO: [runtcl-4] Executing : report_utilization -file main_utilization_synth.rpt -pb main_utilization_synth.pb
INFO: [Common 17-206] Exiting Vivado at Tue Aug 26 12:58:10 2025...
