Vivado Simulator 2020.1
Copyright 1986-1999, 2001-2020 Xilinx, Inc. All Rights Reserved.
Running: C:/Xilinx/Vivado/2020.1/bin/unwrapped/win64.o/xelab.exe -wto 01558955e3c249b892d99e5e735e4cfe --incr --debug typical --relax --mt 2 -L xil_defaultlib -L unisims_ver -L secureip --snapshot tb_main_behavioral_func_impl xil_defaultlib.tb_main_behavioral xil_defaultlib.glbl -log elaborate.log 
Using 2 slave threads.
Starting static elaboration
Pass Through NonSizing Optimizer
Completed static elaboration
Starting simulation data flow analysis
Completed simulation data flow analysis
Time Resolution for simulation is 1ps
Compiling package std.standard
Compiling package std.textio
Compiling package ieee.std_logic_1164
Compiling package vl.vl_types
Compiling module xil_defaultlib.glbl
Compiling module unisims_ver.x_lut1_mux2
Compiling module unisims_ver.LUT1
Compiling module unisims_ver.LUT4
Compiling module unisims_ver.FDSE_default
Compiling module unisims_ver.FDRE_default
Compiling module unisims_ver.x_lut3_mux8
Compiling module unisims_ver.LUT3
Compiling module unisims_ver.LUT6
Compiling module unisims_ver.x_lut2_mux4
Compiling module unisims_ver.LUT2
Compiling module unisims_ver.LUT5
Compiling module xil_defaultlib.catch_fish
Compiling module unisims_ver.IBUF
Compiling module unisims_ver.BUFG
Compiling module unisims_ver.CARRY4
Compiling module xil_defaultlib.clk_div
Compiling module xil_defaultlib.debouncer
Compiling module xil_defaultlib.debouncer_0
Compiling module xil_defaultlib.debouncer_1
Compiling module xil_defaultlib.debouncer_2
Compiling module unisims_ver.OBUF
Compiling module xil_defaultlib.main
Compiling architecture test of entity xil_defaultlib.tb_main_behavioral
Built simulation snapshot tb_main_behavioral_func_impl
